<?xml version="1.0" encoding="UTF-8"?>
<!-- Generated by org.testng.reporters.JUnitReportReporter -->
<testsuite hostname="BunnysProBook" failures="0" tests="2" name="letsworkonTestNG.AnnotationsDemo2" time="0.008" errors="0" timestamp="2025-10-25T11:56:49 EDT" skipped="0">
  <testcase classname="letsworkonTestNG.AnnotationsDemo2" name="search" time="0.006"/>
  <testcase classname="letsworkonTestNG.AnnotationsDemo2" name="advancedSearch" time="0.002"/>
</testsuite> <!-- letsworkonTestNG.AnnotationsDemo2 -->
