<?xml version="1.0" encoding="UTF-8"?>
<!-- Generated by org.testng.reporters.JUnitReportReporter -->
<testsuite hostname="BunnysProBook" failures="0" tests="2" name="letsworkonTestNG.AnnotationsDemo1" time="0.018" errors="0" timestamp="2025-10-25T11:47:10 EDT" skipped="0">
  <testcase classname="letsworkonTestNG.AnnotationsDemo1" name="search" time="0.007"/>
  <testcase classname="letsworkonTestNG.AnnotationsDemo1" name="advancedSearch" time="0.011"/>
</testsuite> <!-- letsworkonTestNG.AnnotationsDemo1 -->
