<?xml version="1.0" encoding="UTF-8"?>
<!-- Generated by org.testng.reporters.JUnitReportReporter -->
<testsuite hostname="BunnysProBook" failures="0" tests="3" name="letsworkonTestNG.FirstTestCase" time="0.004" errors="0" timestamp="2025-10-25T11:20:26 EDT" skipped="0">
  <testcase classname="letsworkonTestNG.FirstTestCase" name="openapp" time="0.002"/>
  <testcase classname="letsworkonTestNG.FirstTestCase" name="login" time="0.001"/>
  <testcase classname="letsworkonTestNG.FirstTestCase" name="logout" time="0.001"/>
</testsuite> <!-- letsworkonTestNG.FirstTestCase -->
