<?xml version="1.0" encoding="UTF-8"?>
<!-- Generated by org.testng.reporters.JUnitReportReporter -->
<testsuite hostname="DESKTOP-1LGJ23L" failures="0" tests="9" name="testCases.FeedbackTest" time="17.979" errors="0" timestamp="2025-11-02T12:39:03 EST" skipped="0">
  <testcase classname="testCases.FeedbackTest" name="verify_account_registration" time="2.011"/>
  <testcase classname="testCases.FeedbackTest" name="verify_account_registration" time="2.008"/>
  <testcase classname="testCases.FeedbackTest" name="verify_account_registration" time="2.374"/>
  <testcase classname="testCases.FeedbackTest" name="verify_account_registration" time="1.567"/>
  <testcase classname="testCases.FeedbackTest" name="verify_account_registration" time="2.038"/>
  <testcase classname="testCases.FeedbackTest" name="verify_account_registration" time="2.023"/>
  <testcase classname="testCases.FeedbackTest" name="verify_account_registration" time="1.879"/>
  <testcase classname="testCases.FeedbackTest" name="verify_account_registration" time="2.090"/>
  <testcase classname="testCases.FeedbackTest" name="verify_account_registration" time="1.989"/>
</testsuite> <!-- testCases.FeedbackTest -->
