<?xml version="1.0" encoding="UTF-8"?>
<!-- Generated by org.testng.reporters.JUnitReportReporter -->
<testsuite hostname="BunnysProBook" failures="0" tests="3" name="letsworkonTestNG.OrangeHRMTest" time="4.084" errors="0" timestamp="2025-10-25T11:20:26 EDT" skipped="0">
  <testcase classname="letsworkonTestNG.OrangeHRMTest" name="openapp" time="2.866"/>
  <testcase classname="letsworkonTestNG.OrangeHRMTest" name="testLogoPresence" time="0.701"/>
  <testcase classname="letsworkonTestNG.OrangeHRMTest" name="login" time="0.517"/>
</testsuite> <!-- letsworkonTestNG.OrangeHRMTest -->
